app/build/intermediates/manifest_merge_blame_file/debug/processDebugMainManifest/manifest-merger-blame-debug-report.txt
1<?xml version="1.0" encoding="utf-8"?>
2<manifest xmlns:android="http://schemas.android.com/apk/res/android"
3    package="com.example.pruebafinalis"
4    android:versionCode="1"
5    android:versionName="1.0" >
6
7    <uses-sdk
8        android:minSdkVersion="23"
9        android:targetSdkVersion="34" />
10
11    <uses-permission android:name="android.permission.INTERNET" />
11-->src\main\AndroidManifest.xml:5:5-67
11-->src\main\AndroidManifest.xml:5:22-64
12
13    <permission
13-->[androidx.core:core:1.9.0] AndroidManifest.xml:22:5-24:47
14        android:name="com.example.pruebafinalis.DYNAMIC_RECEIVER_NOT_EXPORTED_PERMISSION"
14-->[androidx.core:core:1.9.0] AndroidManifest.xml:23:9-81
15        android:protectionLevel="signature" />
15-->[androidx.core:core:1.9.0] AndroidManifest.xml:24:9-44
16
17    <uses-permission android:name="com.example.pruebafinalis.DYNAMIC_RECEIVER_NOT_EXPORTED_PERMISSION" />
17-->[androidx.core:core:1.9.0] AndroidManifest.xml:26:5-97
17-->[androidx.core:core:1.9.0] AndroidManifest.xml:26:22-94
18
19    <application
19-->src\main\AndroidManifest.xml:7:5-77:19
20        android:allowBackup="true"
20-->src\main\AndroidManifest.xml:8:9-35
21        android:appComponentFactory="androidx.core.app.CoreComponentFactory"
21-->[androidx.core:core:1.9.0] AndroidManifest.xml:28:18-86
22        android:dataExtractionRules="@xml/data_extraction_rules"
22-->src\main\AndroidManifest.xml:9:9-65
23        android:debuggable="true"
24        android:extractNativeLibs="false"
25        android:fullBackupContent="@xml/backup_rules"
25-->src\main\AndroidManifest.xml:10:9-54
26        android:icon="@mipmap/ic_launcher"
26-->src\main\AndroidManifest.xml:11:9-43
27        android:label="@string/app_name"
27-->src\main\AndroidManifest.xml:12:9-41
28        android:roundIcon="@mipmap/ic_launcher_round"
28-->src\main\AndroidManifest.xml:13:9-54
29        android:supportsRtl="true"
29-->src\main\AndroidManifest.xml:14:9-35
30        android:testOnly="true"
31        android:theme="@style/Theme.PruebaFinalIS"
31-->src\main\AndroidManifest.xml:15:9-51
32        android:usesCleartextTraffic="true" >
32-->src\main\AndroidManifest.xml:16:9-44
33        <activity
33-->src\main\AndroidManifest.xml:18:9-20:40
34            android:name="com.example.pruebafinalis.solicitudes_ven"
34-->src\main\AndroidManifest.xml:19:13-44
35            android:exported="false" />
35-->src\main\AndroidManifest.xml:20:13-37
36        <activity
36-->src\main\AndroidManifest.xml:21:9-23:40
37            android:name="com.example.pruebafinalis.modificar_ve"
37-->src\main\AndroidManifest.xml:22:13-41
38            android:exported="false" />
38-->src\main\AndroidManifest.xml:23:13-37
39        <activity
39-->src\main\AndroidManifest.xml:24:9-26:40
40            android:name="com.example.pruebafinalis.crud_vendedor"
40-->src\main\AndroidManifest.xml:25:13-42
41            android:exported="false" />
41-->src\main\AndroidManifest.xml:26:13-37
42        <activity
42-->src\main\AndroidManifest.xml:27:9-29:40
43            android:name="com.example.pruebafinalis.Buscar"
43-->src\main\AndroidManifest.xml:28:13-35
44            android:exported="false" />
44-->src\main\AndroidManifest.xml:29:13-37
45        <activity
45-->src\main\AndroidManifest.xml:30:9-32:40
46            android:name="com.example.pruebafinalis.Modificar"
46-->src\main\AndroidManifest.xml:31:13-38
47            android:exported="false" />
47-->src\main\AndroidManifest.xml:32:13-37
48        <activity
48-->src\main\AndroidManifest.xml:33:9-35:40
49            android:name="com.example.pruebafinalis.verusuarios"
49-->src\main\AndroidManifest.xml:34:13-40
50            android:exported="false" />
50-->src\main\AndroidManifest.xml:35:13-37
51        <activity android:name="com.example.pruebafinalis.Ingresonuevousuario" />
51-->src\main\AndroidManifest.xml:36:9-57
51-->src\main\AndroidManifest.xml:36:19-54
52        <activity
52-->src\main\AndroidManifest.xml:37:9-40:47
53            android:name="com.example.pruebafinalis.NewUser"
53-->src\main\AndroidManifest.xml:38:13-36
54            android:exported="true"
54-->src\main\AndroidManifest.xml:39:13-36
55            android:theme="@style/AppTheme" />
55-->src\main\AndroidManifest.xml:40:13-44
56        <activity
56-->src\main\AndroidManifest.xml:41:9-43:40
57            android:name="com.example.pruebafinalis.IngresoUsuario"
57-->src\main\AndroidManifest.xml:42:13-43
58            android:exported="false" />
58-->src\main\AndroidManifest.xml:43:13-37
59        <activity
59-->src\main\AndroidManifest.xml:44:9-46:40
60            android:name="com.example.pruebafinalis.Clientes"
60-->src\main\AndroidManifest.xml:45:13-37
61            android:exported="false" />
61-->src\main\AndroidManifest.xml:46:13-37
62        <activity
62-->src\main\AndroidManifest.xml:47:9-49:40
63            android:name="com.example.pruebafinalis.guardar_usuarios"
63-->src\main\AndroidManifest.xml:48:13-45
64            android:exported="false" />
64-->src\main\AndroidManifest.xml:49:13-37
65        <activity
65-->src\main\AndroidManifest.xml:50:9-52:39
66            android:name="com.example.pruebafinalis.ingreso"
66-->src\main\AndroidManifest.xml:51:13-36
67            android:exported="true" />
67-->src\main\AndroidManifest.xml:52:13-36
68        <activity
68-->src\main\AndroidManifest.xml:53:9-61:20
69            android:name="com.example.pruebafinalis.SplashActivity"
69-->src\main\AndroidManifest.xml:54:13-43
70            android:exported="true" >
70-->src\main\AndroidManifest.xml:55:13-36
71            <intent-filter>
71-->src\main\AndroidManifest.xml:56:13-60:29
72                <action android:name="android.intent.action.MAIN" />
72-->src\main\AndroidManifest.xml:57:17-69
72-->src\main\AndroidManifest.xml:57:25-66
73
74                <category android:name="android.intent.category.LAUNCHER" />
74-->src\main\AndroidManifest.xml:59:17-77
74-->src\main\AndroidManifest.xml:59:27-74
75            </intent-filter>
76        </activity>
77        <activity
77-->src\main\AndroidManifest.xml:62:9-64:39
78            android:name="com.example.pruebafinalis.info"
78-->src\main\AndroidManifest.xml:63:13-33
79            android:exported="true" />
79-->src\main\AndroidManifest.xml:64:13-36
80        <activity
80-->src\main\AndroidManifest.xml:65:9-67:39
81            android:name="com.example.pruebafinalis.Usuario"
81-->src\main\AndroidManifest.xml:66:13-36
82            android:exported="true" />
82-->src\main\AndroidManifest.xml:67:13-36
83        <activity
83-->src\main\AndroidManifest.xml:68:9-76:20
84            android:name="com.example.pruebafinalis.MainActivity"
84-->src\main\AndroidManifest.xml:69:13-41
85            android:exported="true" >
85-->src\main\AndroidManifest.xml:70:13-36
86            <intent-filter>
86-->src\main\AndroidManifest.xml:56:13-60:29
87                <action android:name="android.intent.action.MAIN" />
87-->src\main\AndroidManifest.xml:57:17-69
87-->src\main\AndroidManifest.xml:57:25-66
88
89                <category android:name="android.intent.category.LAUNCHER" />
89-->src\main\AndroidManifest.xml:59:17-77
89-->src\main\AndroidManifest.xml:59:27-74
90            </intent-filter>
91        </activity>
92
93        <provider
93-->[androidx.emoji2:emoji2:1.2.0] AndroidManifest.xml:24:9-32:20
94            android:name="androidx.startup.InitializationProvider"
94-->[androidx.emoji2:emoji2:1.2.0] AndroidManifest.xml:25:13-67
95            android:authorities="com.example.pruebafinalis.androidx-startup"
95-->[androidx.emoji2:emoji2:1.2.0] AndroidManifest.xml:26:13-68
96            android:exported="false" >
96-->[androidx.emoji2:emoji2:1.2.0] AndroidManifest.xml:27:13-37
97            <meta-data
97-->[androidx.emoji2:emoji2:1.2.0] AndroidManifest.xml:29:13-31:52
98                android:name="androidx.emoji2.text.EmojiCompatInitializer"
98-->[androidx.emoji2:emoji2:1.2.0] AndroidManifest.xml:30:17-75
99                android:value="androidx.startup" />
99-->[androidx.emoji2:emoji2:1.2.0] AndroidManifest.xml:31:17-49
100            <meta-data
100-->[androidx.lifecycle:lifecycle-process:2.6.1] AndroidManifest.xml:29:13-31:52
101                android:name="androidx.lifecycle.ProcessLifecycleInitializer"
101-->[androidx.lifecycle:lifecycle-process:2.6.1] AndroidManifest.xml:30:17-78
102                android:value="androidx.startup" />
102-->[androidx.lifecycle:lifecycle-process:2.6.1] AndroidManifest.xml:31:17-49
103            <meta-data
103-->[androidx.profileinstaller:profileinstaller:1.3.0] AndroidManifest.xml:29:13-31:52
104                android:name="androidx.profileinstaller.ProfileInstallerInitializer"
104-->[androidx.profileinstaller:profileinstaller:1.3.0] AndroidManifest.xml:30:17-85
105                android:value="androidx.startup" />
105-->[androidx.profileinstaller:profileinstaller:1.3.0] AndroidManifest.xml:31:17-49
106        </provider>
107
108        <receiver
108-->[androidx.profileinstaller:profileinstaller:1.3.0] AndroidManifest.xml:34:9-52:20
109            android:name="androidx.profileinstaller.ProfileInstallReceiver"
109-->[androidx.profileinstaller:profileinstaller:1.3.0] AndroidManifest.xml:35:13-76
110            android:directBootAware="false"
110-->[androidx.profileinstaller:profileinstaller:1.3.0] AndroidManifest.xml:36:13-44
111            android:enabled="true"
111-->[androidx.profileinstaller:profileinstaller:1.3.0] AndroidManifest.xml:37:13-35
112            android:exported="true"
112-->[androidx.profileinstaller:profileinstaller:1.3.0] AndroidManifest.xml:38:13-36
113            android:permission="android.permission.DUMP" >
113-->[androidx.profileinstaller:profileinstaller:1.3.0] AndroidManifest.xml:39:13-57
114            <intent-filter>
114-->[androidx.profileinstaller:profileinstaller:1.3.0] AndroidManifest.xml:40:13-42:29
115                <action android:name="androidx.profileinstaller.action.INSTALL_PROFILE" />
115-->[androidx.profileinstaller:profileinstaller:1.3.0] AndroidManifest.xml:41:17-91
115-->[androidx.profileinstaller:profileinstaller:1.3.0] AndroidManifest.xml:41:25-88
116            </intent-filter>
117            <intent-filter>
117-->[androidx.profileinstaller:profileinstaller:1.3.0] AndroidManifest.xml:43:13-45:29
118                <action android:name="androidx.profileinstaller.action.SKIP_FILE" />
118-->[androidx.profileinstaller:profileinstaller:1.3.0] AndroidManifest.xml:44:17-85
118-->[androidx.profileinstaller:profileinstaller:1.3.0] AndroidManifest.xml:44:25-82
119            </intent-filter>
120            <intent-filter>
120-->[androidx.profileinstaller:profileinstaller:1.3.0] AndroidManifest.xml:46:13-48:29
121                <action android:name="androidx.profileinstaller.action.SAVE_PROFILE" />
121-->[androidx.profileinstaller:profileinstaller:1.3.0] AndroidManifest.xml:47:17-88
121-->[androidx.profileinstaller:profileinstaller:1.3.0] AndroidManifest.xml:47:25-85
122            </intent-filter>
123            <intent-filter>
123-->[androidx.profileinstaller:profileinstaller:1.3.0] AndroidManifest.xml:49:13-51:29
124                <action android:name="androidx.profileinstaller.action.BENCHMARK_OPERATION" />
124-->[androidx.profileinstaller:profileinstaller:1.3.0] AndroidManifest.xml:50:17-95
124-->[androidx.profileinstaller:profileinstaller:1.3.0] AndroidManifest.xml:50:25-92
125            </intent-filter>
126        </receiver>
127    </application>
128
129</manifest>